1: package io18;
2: 
3: import java.io.BufferedReader;
4: import java.io.BufferedWriter;
5: import java.io.FileWriter;
6: import java.io.IOException;
7: import java.io.PrintWriter;
8: import java.io.StringReader;
9: 
10: public class BasicFileOutput {
11: 	static String file = "BasicFileOutput.out";
12: 
13: 	public static void main(String[] args) throws IOException {
14: 		BufferedReader in = new BufferedReader(new StringReader(
15: 				BufferedInputFile.read("D:\\appdev\\xiti\\Learning\\src\\io18\\BasicFileOutput.java")));
16: 
17: 		PrintWriter out = new PrintWriter(new BufferedWriter(new FileWriter(file)));
18: 
19: 		int lineCount = 1;
20: 		String s;
21: 		while ((s = in.readLine()) != null)
22: 			out.println(lineCount++ + ": " + s);
23: 		out.close();
24: 
25: 		//System.out.println(BufferedInputFile.read(file));
26: 	}
27: }
